#At time x process y state arr w total z remain y wait k
At time 1 process 1 started arr 1 total 17 remain 17 wait 0
At time 1 process 1 started arr 1 total 17 remain 17 wait 0
At time 18 process 1 finished arr 1 total 17 remain 0  wait 0 TA 17 WTA 1
At time 18 process 2 started arr 10 total 26 remain 26 wait 8
At time 18 process 2 started arr 10 total 26 remain 26 wait 8
At time 20 process 2 stopped arr 10 total 26 remain 24 wait 8
At time 20 process 3 started arr 20 total 5 remain 5 wait 0
At time 20 process 3 started arr 20 total 5 remain 5 wait 0
At time 25 process 3 finished arr 20 total 5 remain 0  wait 0 TA 5 WTA 1
At time 25 process 2 resumed arr 10 total 26 remain 24 wait 13
At time 25 process 2 resumed arr 10 total 26 remain 24 wait 13
At time 27 process 2 stopped arr 10 total 26 remain 22 wait 13
At time 27 process 4 started arr 27 total 1 remain 1 wait 0
At time 27 process 4 started arr 27 total 1 remain 1 wait 0
At time 28 process 4 finished arr 27 total 1 remain 0  wait 0 TA 1 WTA 1
At time 28 process 2 resumed arr 10 total 26 remain 22 wait 14
At time 28 process 2 resumed arr 10 total 26 remain 22 wait 14
At time 35 process 2 stopped arr 10 total 26 remain 15 wait 14
At time 35 process 5 started arr 35 total 8 remain 8 wait 0
At time 35 process 5 started arr 35 total 8 remain 8 wait 0
At time 43 process 5 finished arr 35 total 8 remain 0  wait 0 TA 8 WTA 1
At time 43 process 2 resumed arr 10 total 26 remain 15 wait 22
At time 43 process 2 resumed arr 10 total 26 remain 15 wait 22
At time 58 process 2 finished arr 10 total 26 remain 0  wait 22 TA 48 WTA 1.8
