[    0.000000] Initializing cgroup subsys cpuset
[    0.000000] Initializing cgroup subsys cpu
[    0.000000] Initializing cgroup subsys cpuacct
[    0.000000] Linux version 4.4.0-98-generic (buildd@lcy01-03) (gcc version 5.4.0 20160609 (Ubuntu 5.4.0-6ubuntu1~16.04.4) ) #121-Ubuntu SMP Tue Oct 10 14:24:03 UTC 2017 (Ubuntu 4.4.0-98.121-generic 4.4.90)
[    0.000000] Command line: BOOT_IMAGE=/boot/vmlinuz-4.4.0-98-generic root=UUID=d7006b2f-ace6-464d-8b21-17180b3ed360 ro console=tty1 console=ttyS0
[    0.000000] KERNEL supported cpus:
[    0.000000]   Intel GenuineIntel
[    0.000000]   AMD AuthenticAMD
[    0.000000]   Centaur CentaurHauls
[    0.000000] x86/fpu: xstate_offset[2]:  576, xstate_sizes[2]:  256
[    0.000000] x86/fpu: Supporting XSAVE feature 0x01: 'x87 floating point registers'
[    0.000000] x86/fpu: Supporting XSAVE feature 0x02: 'SSE registers'
[    0.000000] x86/fpu: Supporting XSAVE feature 0x04: 'AVX registers'
[    0.000000] x86/fpu: Enabled xstate features 0x7, context size is 832 bytes, using 'standard' format.
[    0.000000] x86/fpu: Using 'lazy' FPU context switches.
[    0.000000] e820: BIOS-provided physical RAM map:
[    0.000000] BIOS-e820: [mem 0x0000000000000000-0x000000000009fbff] usable
[    0.000000] BIOS-e820: [mem 0x000000000009fc00-0x000000000009ffff] reserved
[    0.000000] BIOS-e820: [mem 0x00000000000f0000-0x00000000000fffff] reserved
[    0.000000] BIOS-e820: [mem 0x0000000000100000-0x000000003ffeffff] usable
[    0.000000] BIOS-e820: [mem 0x000000003fff0000-0x000000003fffffff] ACPI data
[    0.000000] BIOS-e820: [mem 0x00000000fec00000-0x00000000fec00fff] reserved
[    0.000000] BIOS-e820: [mem 0x00000000fee00000-0x00000000fee00fff] reserved
[    0.000000] BIOS-e820: [mem 0x00000000fffc0000-0x00000000ffffffff] reserved
[    0.000000] NX (Execute Disable) protection: active
[    0.000000] SMBIOS 2.5 present.
[    0.000000] Hypervisor detected: KVM
[    0.000000] e820: last_pfn = 0x3fff0 max_arch_pfn = 0x400000000
[    0.000000] MTRR: Disabled
[    0.000000] x86/PAT: MTRRs disabled, skipping PAT initialization too.
[    0.000000] CPU MTRRs all blank - virtualized system.
[    0.000000] x86/PAT: Configuration [0-7]: WB  WT  UC- UC  WB  WT  UC- UC  
[    0.000000] found SMP MP-table at [mem 0x0009fff0-0x0009ffff] mapped at [ffff88000009fff0]
[    0.000000] Scanning 1 areas for low memory corruption
[    0.000000] RAMDISK: [mem 0x3622e000-0x3710efff]
[    0.000000] ACPI: Early table checksum verification disabled
[    0.000000] ACPI: RSDP 0x00000000000E0000 000024 (v02 VBOX  )
[    0.000000] ACPI: XSDT 0x000000003FFF0030 00003C (v01 VBOX   VBOXXSDT 00000001 ASL  00000061)
[    0.000000] ACPI: FACP 0x000000003FFF00F0 0000F4 (v04 VBOX   VBOXFACP 00000001 ASL  00000061)
[    0.000000] ACPI: DSDT 0x000000003FFF0470 0021FF (v02 VBOX   VBOXBIOS 00000002 INTL 20100528)
[    0.000000] ACPI: FACS 0x000000003FFF0200 000040
[    0.000000] ACPI: FACS 0x000000003FFF0200 000040
[    0.000000] ACPI: APIC 0x000000003FFF0240 00005C (v02 VBOX   VBOXAPIC 00000001 ASL  00000061)
[    0.000000] ACPI: SSDT 0x000000003FFF02A0 0001CC (v01 VBOX   VBOXCPUT 00000002 INTL 20100528)
[    0.000000] No NUMA configuration found
[    0.000000] Faking a node at [mem 0x0000000000000000-0x000000003ffeffff]
[    0.000000] NODE_DATA(0) allocated [mem 0x3ffeb000-0x3ffeffff]
[    0.000000] kvm-clock: Using msrs 4b564d01 and 4b564d00
[    0.000000] kvm-clock: cpu 0, msr 0:3ffe3001, primary cpu clock
[    0.000000] kvm-clock: using sched offset of 5823655521 cycles
[    0.000000] clocksource: kvm-clock: mask: 0xffffffffffffffff max_cycles: 0x1cd42e4dffb, max_idle_ns: 881590591483 ns
[    0.000000] Zone ranges:
[    0.000000]   DMA      [mem 0x0000000000001000-0x0000000000ffffff]
[    0.000000]   DMA32    [mem 0x0000000001000000-0x000000003ffeffff]
[    0.000000]   Normal   empty
[    0.000000]   Device   empty
[    0.000000] Movable zone start for each node
[    0.000000] Early memory node ranges
[    0.000000]   node   0: [mem 0x0000000000001000-0x000000000009efff]
[    0.000000]   node   0: [mem 0x0000000000100000-0x000000003ffeffff]
[    0.000000] Initmem setup node 0 [mem 0x0000000000001000-0x000000003ffeffff]
[    0.000000] ACPI: PM-Timer IO Port: 0x4008
[    0.000000] IOAPIC[0]: apic_id 2, version 32, address 0xfec00000, GSI 0-23
[    0.000000] ACPI: INT_SRC_OVR (bus 0 bus_irq 0 global_irq 2 dfl dfl)
[    0.000000] ACPI: INT_SRC_OVR (bus 0 bus_irq 9 global_irq 9 high level)
[    0.000000] Using ACPI (MADT) for SMP configuration information
[    0.000000] smpboot: Allowing 2 CPUs, 0 hotplug CPUs
[    0.000000] PM: Registered nosave memory: [mem 0x00000000-0x00000fff]
[    0.000000] PM: Registered nosave memory: [mem 0x0009f000-0x0009ffff]
[    0.000000] PM: Registered nosave memory: [mem 0x000a0000-0x000effff]
[    0.000000] PM: Registered nosave memory: [mem 0x000f0000-0x000fffff]
[    0.000000] e820: [mem 0x40000000-0xfebfffff] available for PCI devices
[    0.000000] Booting paravirtualized kernel on KVM
[    0.000000] clocksource: refined-jiffies: mask: 0xffffffff max_cycles: 0xffffffff, max_idle_ns: 7645519600211568 ns
[    0.000000] setup_percpu: NR_CPUS:512 nr_cpumask_bits:512 nr_cpu_ids:2 nr_node_ids:1
[    0.000000] PERCPU: Embedded 34 pages/cpu @ffff88003fc00000 s98328 r8192 d32744 u1048576
[    0.000000] PV qspinlock hash table entries: 256 (order: 0, 4096 bytes)
[    0.000000] Built 1 zonelists in Node order, mobility grouping on.  Total pages: 257913
[    0.000000] Policy zone: DMA32
[    0.000000] Kernel command line: BOOT_IMAGE=/boot/vmlinuz-4.4.0-98-generic root=UUID=d7006b2f-ace6-464d-8b21-17180b3ed360 ro console=tty1 console=ttyS0
[    0.000000] PID hash table entries: 4096 (order: 3, 32768 bytes)
[    0.000000] Memory: 997328K/1048120K available (8484K kernel code, 1294K rwdata, 3988K rodata, 1492K init, 1316K bss, 50792K reserved, 0K cma-reserved)
[    0.000000] SLUB: HWalign=64, Order=0-3, MinObjects=0, CPUs=2, Nodes=1
[    0.000000] Hierarchical RCU implementation.
[    0.000000] 	Build-time adjustment of leaf fanout to 64.
[    0.000000] 	RCU restricting CPUs from NR_CPUS=512 to nr_cpu_ids=2.
[    0.000000] RCU: Adjusting geometry for rcu_fanout_leaf=64, nr_cpu_ids=2
[    0.000000] NR_IRQS:33024 nr_irqs:440 16
[    0.000000] Console: colour VGA+ 80x25
[    0.000000] console [tty1] enabled
[    0.000000] console [ttyS0] enabled
[    0.000000] tsc: Detected 2394.454 MHz processor
[    0.665627] Calibrating delay loop (skipped) preset value.. 4788.90 BogoMIPS (lpj=9577816)
[    0.682106] pid_max: default: 32768 minimum: 301
[    0.688240] ACPI: Core revision 20150930
[    0.691127] ACPI: 2 ACPI AML tables successfully acquired and loaded
[    0.707415] Security Framework initialized
[    0.709170] Yama: becoming mindful.
[    0.722011] AppArmor: AppArmor initialized
[    0.730093] Dentry cache hash table entries: 131072 (order: 8, 1048576 bytes)
[    0.734692] Inode-cache hash table entries: 65536 (order: 7, 524288 bytes)
[    0.742577] Mount-cache hash table entries: 2048 (order: 2, 16384 bytes)
[    0.746433] Mountpoint-cache hash table entries: 2048 (order: 2, 16384 bytes)
[    0.750504] Initializing cgroup subsys io
[    0.754005] Initializing cgroup subsys memory
[    0.757708] Initializing cgroup subsys devices
[    0.767876] Initializing cgroup subsys freezer
[    0.769470] Initializing cgroup subsys net_cls
[    0.771016] Initializing cgroup subsys perf_event
[    0.772539] Initializing cgroup subsys net_prio
[    0.777662] Initializing cgroup subsys hugetlb
[    0.779182] Initializing cgroup subsys pids
[    0.787627] CPU: Physical Processor ID: 0
[    0.795611] CPU: Processor Core ID: 0
[    0.800645] mce: CPU supports 0 MCE banks
[    0.810829] Last level iTLB entries: 4KB 64, 2MB 8, 4MB 8
[    0.813585] Last level dTLB entries: 4KB 64, 2MB 0, 4MB 0, 1GB 4
[    0.820573] Freeing SMP alternatives memory: 32K
[    0.836038] ftrace: allocating 32154 entries in 126 pages
[    0.901815] smpboot: APIC(0) Converting physical 0 to logical package 0
[    0.914488] smpboot: Max logical packages: 1
[    0.924106] x2apic enabled
[    0.939764] Switched APIC routing to physical x2apic.
[    0.950750] ..TIMER: vector=0x30 apic1=0 pin1=2 apic2=-1 pin2=-1
[    1.071098] smpboot: CPU0: Intel(R) Core(TM) i7-5500U CPU @ 2.40GHz (family: 0x6, model: 0x3d, stepping: 0x4)
[    1.115548] Performance Events: unsupported p6 CPU model 61 no PMU driver, software events only.
[    1.142070] KVM setup paravirtual spinlock
[    1.165194] x86: Booting SMP configuration:
[    1.185324] .... node  #0, CPUs:      #1
[    1.187806] kvm-clock: cpu 1, msr 0:3ffe3041, secondary cpu clock
[    1.190877] mce: CPU supports 0 MCE banks
[    1.205271] x86: Booted up 1 node, 2 CPUs
[    1.225753] smpboot: Total of 2 processors activated (9577.81 BogoMIPS)
[    1.227968] devtmpfs: initialized
[    1.256017] evm: security.selinux
[    1.264622] evm: security.SMACK64
[    1.267085] evm: security.SMACK64EXEC
[    1.268133] evm: security.SMACK64TRANSMUTE
[    1.269331] evm: security.SMACK64MMAP
[    1.273187] evm: security.ima
[    1.274166] evm: security.capability
[    1.275634] clocksource: jiffies: mask: 0xffffffff max_cycles: 0xffffffff, max_idle_ns: 7645041785100000 ns
[    1.292145] futex hash table entries: 512 (order: 3, 32768 bytes)
[    1.301464] pinctrl core: initialized pinctrl subsystem
[    1.304347] RTC time: 11:55:44, date: 11/06/17
[    1.319906] NET: Registered protocol family 16
[    1.339755] cpuidle: using governor ladder
[    1.359184] cpuidle: using governor menu
[    1.401818] PCCT header not found.
[    1.417194] ACPI: bus type PCI registered
[    1.433070] acpiphp: ACPI Hot Plug PCI Controller Driver version: 0.5
[    1.437609] PCI: Using configuration type 1 for base access
[    1.468448] ACPI: Added _OSI(Module Device)
[    1.477320] ACPI: Added _OSI(Processor Device)
[    1.478479] ACPI: Added _OSI(3.0 _SCP Extensions)
[    1.518226] ACPI: Added _OSI(Processor Aggregator Device)
[    1.531392] ACPI: Executed 1 blocks of module-level executable AML code
[    1.553521] ACPI: Interpreter enabled
[    1.559655] ACPI: (supports S0 S5)
[    1.567423] ACPI: Using IOAPIC for interrupt routing
[    1.572786] PCI: Using host bridge windows from ACPI; if necessary, use "pci=nocrs" and report a bug
[    1.599815] ACPI: PCI Root Bridge [PCI0] (domain 0000 [bus 00-ff])
[    1.611838] acpi PNP0A03:00: _OSC: OS supports [ASPM ClockPM Segments MSI]
[    1.618982] acpi PNP0A03:00: _OSC: not requesting OS control; OS requires [ExtendedConfig ASPM ClockPM MSI]
[    1.621813] acpi PNP0A03:00: fail to add MMCONFIG information, can't access extended PCI configuration space under this bridge.
[    1.638812] PCI host bridge to bus 0000:00
[    1.649519] pci_bus 0000:00: root bus resource [io  0x0000-0x0cf7 window]
[    1.652736] pci_bus 0000:00: root bus resource [io  0x0d00-0xffff window]
[    1.654991] pci_bus 0000:00: root bus resource [mem 0x000a0000-0x000bffff window]
[    1.661338] pci_bus 0000:00: root bus resource [mem 0x40000000-0xffdfffff window]
[    1.670807] pci_bus 0000:00: root bus resource [bus 00-ff]
[    1.674637] pci 0000:00:01.1: legacy IDE quirk: reg 0x10: [io  0x01f0-0x01f7]
[    1.697085] pci 0000:00:01.1: legacy IDE quirk: reg 0x14: [io  0x03f6]
[    1.713384] pci 0000:00:01.1: legacy IDE quirk: reg 0x18: [io  0x0170-0x0177]
[    1.717522] pci 0000:00:01.1: legacy IDE quirk: reg 0x1c: [io  0x0376]
[    1.754779] pci 0000:00:07.0: quirk: [io  0x4000-0x403f] claimed by PIIX4 ACPI
[    1.806014] pci 0000:00:07.0: quirk: [io  0x4100-0x410f] claimed by PIIX4 SMB
[    1.827272] ACPI: PCI Interrupt Link [LNKA] (IRQs 5 9 10 *11)
[    1.849834] ACPI: PCI Interrupt Link [LNKB] (IRQs 5 9 10 *11)
[    1.853844] ACPI: PCI Interrupt Link [LNKC] (IRQs 5 9 *10 11)
[    1.862158] ACPI: PCI Interrupt Link [LNKD] (IRQs 5 *9 10 11)
[    1.868665] ACPI: Enabled 2 GPEs in block 00 to 07
[    1.893125] vgaarb: setting as boot device: PCI:0000:00:02.0
[    1.895980] vgaarb: device added: PCI:0000:00:02.0,decodes=io+mem,owns=io+mem,locks=none
[    1.908789] vgaarb: loaded
[    1.916032] vgaarb: bridge control possible 0000:00:02.0
[    1.927517] SCSI subsystem initialized
[    1.932546] ACPI: bus type USB registered
[    1.947930] usbcore: registered new interface driver usbfs
[    1.949321] usbcore: registered new interface driver hub
[    1.965894] usbcore: registered new device driver usb
[    2.014622] PCI: Using ACPI for IRQ routing
[    2.027093] NetLabel: Initializing
[    2.057246] NetLabel:  domain hash size = 128
[    2.058458] NetLabel:  protocols = UNLABELED CIPSOv4
[    2.064813] NetLabel:  unlabeled traffic allowed by default
[    2.067146] amd_nb: Cannot enumerate AMD northbridges
[    2.072068] clocksource: Switched to clocksource kvm-clock
[    2.118157] AppArmor: AppArmor Filesystem Enabled
[    2.131710] pnp: PnP ACPI init
[    2.133855] pnp: PnP ACPI: found 3 devices
[    2.177615] clocksource: acpi_pm: mask: 0xffffff max_cycles: 0xffffff, max_idle_ns: 2085701024 ns
[    2.219262] NET: Registered protocol family 2
[    2.235157] TCP established hash table entries: 8192 (order: 4, 65536 bytes)
[    2.286726] TCP bind hash table entries: 8192 (order: 5, 131072 bytes)
[    2.319878] TCP: Hash tables configured (established 8192 bind 8192)
[    2.390698] UDP hash table entries: 512 (order: 2, 16384 bytes)
[    2.392148] UDP-Lite hash table entries: 512 (order: 2, 16384 bytes)
[    2.415021] NET: Registered protocol family 1
[    2.416220] pci 0000:00:00.0: Limiting direct PCI/PCI transfers
[    2.431588] pci 0000:00:01.0: Activating ISA DMA hang workarounds
[    2.448234] Unpacking initramfs...
[    2.859132] Freeing initrd memory: 15236K
[    2.872935] RAPL PMU detected, API unit is 2^-32 Joules, 4 fixed counters 10737418240 ms ovfl timer
[    2.885866] hw unit of domain pp0-core 2^-0 Joules
[    2.892321] hw unit of domain package 2^-0 Joules
[    2.894596] hw unit of domain dram 2^-0 Joules
[    2.904043] hw unit of domain pp1-gpu 2^-0 Joules
[    2.906628] platform rtc_cmos: registered platform RTC device (no PNP device found)
[    2.915003] Scanning for low memory corruption every 60 seconds
[    2.925254] audit: initializing netlink subsys (disabled)
[    2.940394] audit: type=2000 audit(1509969351.339:1): initialized
[    2.945882] Initialise system trusted keyring
[    2.950431] HugeTLB registered 2 MB page size, pre-allocated 0 pages
[    2.966104] zbud: loaded
[    2.967475] VFS: Disk quotas dquot_6.6.0
[    2.981550] VFS: Dquot-cache hash table entries: 512 (order 0, 4096 bytes)
[    2.983567] squashfs: version 4.0 (2009/01/31) Phillip Lougher
[    2.985874] fuse init (API version 7.23)
[    2.989259] Key type big_key registered
[    2.994514] Allocating IMA MOK and blacklist keyrings.
[    2.997475] Key type asymmetric registered
[    3.004053] Asymmetric key parser 'x509' registered
[    3.005493] Block layer SCSI generic (bsg) driver version 0.4 loaded (major 249)
[    3.008942] io scheduler noop registered
[    3.011113] io scheduler deadline registered (default)
[    3.012052] io scheduler cfq registered
[    3.021244] pci_hotplug: PCI Hot Plug PCI Core version: 0.5
[    3.023389] pciehp: PCI Express Hot Plug Controller Driver version: 0.4
[    3.035246] ACPI: AC Adapter [AC] (on-line)
[    3.038646] input: Power Button as /devices/LNXSYSTM:00/LNXPWRBN:00/input/input0
[    3.045566] ACPI: Power Button [PWRF]
[    3.059673] input: Sleep Button as /devices/LNXSYSTM:00/LNXSLPBN:00/input/input1
[    3.061784] ACPI: Sleep Button [SLPF]
[    3.066933] ACPI: Battery Slot [BAT0] (battery present)
[    3.073415] GHES: HEST is not enabled!
[    3.075020] Serial: 8250/16550 driver, 32 ports, IRQ sharing enabled
[    3.101285] 00:02: ttyS0 at I/O 0x3f8 (irq = 4, base_baud = 115200) is a 16550A
[    3.166408] Linux agpgart interface v0.103
[    3.240024] loop: module loaded
[    3.263946] scsi host0: ata_piix
[    3.277574] scsi host1: ata_piix
[    3.278616] ata1: PATA max UDMA/33 cmd 0x1f0 ctl 0x3f6 bmdma 0xd000 irq 14
[    3.320451] ata2: PATA max UDMA/33 cmd 0x170 ctl 0x376 bmdma 0xd008 irq 15
[    3.325103] libphy: Fixed MDIO Bus: probed
[    3.334658] tun: Universal TUN/TAP device driver, 1.6
[    3.336619] tun: (C) 1999-2004 Max Krasnyansky <maxk@qualcomm.com>
[    3.351038] PPP generic driver version 2.4.2
[    3.358022] ehci_hcd: USB 2.0 'Enhanced' Host Controller (EHCI) Driver
[    3.395611] ehci-pci: EHCI PCI platform driver
[    3.401418] ehci-platform: EHCI generic platform driver
[    3.413603] ohci_hcd: USB 1.1 'Open' Host Controller (OHCI) Driver
[    3.452440] ohci-pci: OHCI PCI platform driver
[    3.464695] ohci-platform: OHCI generic platform driver
[    3.466003] uhci_hcd: USB Universal Host Controller Interface driver
[    3.481716] i8042: PNP: PS/2 Controller [PNP0303:PS2K,PNP0f03:PS2M] at 0x60,0x64 irq 1,12
[    3.517454] serio: i8042 KBD port at 0x60,0x64 irq 1
[    3.538451] serio: i8042 AUX port at 0x60,0x64 irq 12
[    3.551127] mousedev: PS/2 mouse device common for all mice
[    3.556897] input: AT Translated Set 2 keyboard as /devices/platform/i8042/serio0/input/input2
[    3.584333] rtc_cmos rtc_cmos: rtc core: registered rtc_cmos as rtc0
[    3.590205] rtc_cmos rtc_cmos: alarms up to one day, 114 bytes nvram
[    3.592962] i2c /dev entries driver
[    3.599306] device-mapper: uevent: version 1.0.3
[    3.603182] device-mapper: ioctl: 4.34.0-ioctl (2015-10-28) initialised: dm-devel@redhat.com
[    3.611184] ledtrig-cpu: registered to indicate activity on CPUs
[    3.633014] NET: Registered protocol family 10
[    3.646798] NET: Registered protocol family 17
[    3.650093] Key type dns_resolver registered
[    3.653865] microcode: CPU0 sig=0x306d4, pf=0x40, revision=0x0
[    3.666076] microcode: CPU1 sig=0x306d4, pf=0x40, revision=0x0
[    3.697864] microcode: Microcode Update Driver: v2.01 <tigran@aivazian.fsnet.co.uk>, Peter Oruba
[    3.708216] registered taskstats version 1
[    3.738843] Loading compiled-in X.509 certificates
[    3.752346] Loaded X.509 cert 'Build time autogenerated kernel key: 7431eaeda5a51458aeb00f8de0f18f89e178d882'
[    3.788725] zswap: loaded using pool lzo/zbud
[    3.799227] Key type trusted registered
[    3.812103] Key type encrypted registered
[    3.819989] AppArmor: AppArmor sha1 policy hashing enabled
[    3.866478] ima: No TPM chip found, activating TPM-bypass!
[    3.881971] evm: HMAC attrs: 0x1
[    3.887248]   Magic number: 9:537:933
[    3.902690] rtc_cmos rtc_cmos: setting system clock to 2017-11-06 11:55:46 UTC (1509969346)
[    3.908111] tsc: Refined TSC clocksource calibration: 2393.435 MHz
[    3.908156] BIOS EDD facility v0.16 2004-Jun-25, 0 devices found
[    3.908157] EDD information not available.
[    3.946544] clocksource: tsc: mask: 0xffffffffffffffff max_cycles: 0x227ffdec7c1, max_idle_ns: 440795317976 ns
[    3.964596] Freeing unused kernel memory: 1492K
[    3.965955] Write protecting the kernel read-only data: 14336k
[    3.989323] Freeing unused kernel memory: 1744K
[    4.011325] Freeing unused kernel memory: 108K
Loading, please wait...
starting version[    4.063751] random: systemd-udevd: uninitialized urandom read (16 bytes read, 5 bits of entropy available)
 229
[    4.068016] random: udevadm: uninitialized urandom read (16 bytes read, 5 bits of entropy available)
[    4.068065] random: udevadm: uninitialized urandom read (16 bytes read, 5 bits of entropy available)
[    4.068216] random: udevadm: uninitialized urandom read (16 bytes read, 5 bits of entropy available)
[    4.068270] random: udevadm: uninitialized urandom read (16 bytes read, 5 bits of entropy available)
[    4.068321] random: udevadm: uninitialized urandom read (16 bytes read, 5 bits of entropy available)
[    4.068373] random: udevadm: uninitialized urandom read (16 bytes read, 5 bits of entropy available)
[    4.068479] random: udevadm: uninitialized urandom read (16 bytes read, 5 bits of entropy available)
[    4.068534] random: udevadm: uninitialized urandom read (16 bytes read, 5 bits of entropy available)
[    4.068583] random: udevadm: uninitialized urandom read (16 bytes read, 5 bits of entropy available)
[    4.280763] Fusion MPT base driver 3.04.20
[    4.283891] Copyright (c) 1999-2008 LSI Corporation
[    4.292961] e1000: Intel(R) PRO/1000 Network Driver - version 7.3.21-k8-NAPI
[    4.329042] e1000: Copyright (c) 1999-2006 Intel Corporation.
[    4.368388] AVX version of gcm_enc/dec engaged.
[    4.375438] AES CTR mode by8 optimization enabled
[    4.387881] Fusion MPT SPI Host driver 3.04.20
[    4.471565] input: ImExPS/2 Generic Explorer Mouse as /devices/platform/i8042/serio1/input/input4
[    4.859589] e1000 0000:00:03.0 eth0: (PCI:33MHz:32-bit) 02:14:68:3e:84:47
[    4.864704] e1000 0000:00:03.0 eth0: Intel(R) PRO/1000 Network Connection
[    4.868580] mptbase: ioc0: Initiating bringup
[    4.872558] e1000 0000:00:03.0 enp0s3: renamed from eth0
[    4.932703] ioc0: LSI53C1030 A0: Capabilities={Initiator}
[    5.109721] scsi host2: ioc0: LSI53C1030 A0, FwRev=00000000h, Ports=1, MaxQ=256, IRQ=20
[    5.229705] scsi 2:0:0:0: Direct-Access     VBOX     HARDDISK         1.0  PQ: 0 ANSI: 5
[    5.265695] scsi target2:0:0: Beginning Domain Validation
[    5.294243] scsi target2:0:0: Domain Validation skipping write tests
[    5.310804] scsi target2:0:0: Ending Domain Validation
[    5.344683] scsi target2:0:0: asynchronous
[    5.364638] scsi 2:0:1:0: Direct-Access     VBOX     HARDDISK         1.0  PQ: 0 ANSI: 5
[    5.381853] scsi target2:0:1: Beginning Domain Validation
[    5.388092] scsi target2:0:1: Domain Validation skipping write tests
[    5.416364] scsi target2:0:1: Ending Domain Validation
[    5.446987] scsi target2:0:1: asynchronous
[    5.485867] sd 2:0:0:0: [sda] 20971520 512-byte logical blocks: (10.7 GB/10.0 GiB)
[    5.486108] sd 2:0:0:0: Attached scsi generic sg0 type 0
[    5.486644] sd 2:0:1:0: Attached scsi generic sg1 type 0
[    5.486945] sd 2:0:1:0: [sdb] 20480 512-byte logical blocks: (10.5 MB/10.0 MiB)
[    5.487069] sd 2:0:1:0: [sdb] Write Protect is off
[    5.487151] sd 2:0:1:0: [sdb] Incomplete mode parameter data
[    5.487152] sd 2:0:1:0: [sdb] Assuming drive cache: write through
[    5.490184] sd 2:0:1:0: [sdb] Attached SCSI disk
[    5.538942] sd 2:0:0:0: [sda] Write Protect is off
[    5.541299] sd 2:0:0:0: [sda] Incomplete mode parameter data
[    5.545721] sd 2:0:0:0: [sda] Assuming drive cache: write through
[    5.557011]  sda: sda1
[    5.563804] sd 2:0:0:0: [sda] Attached SCSI disk
[    7.344192] floppy0: no floppy controllers found
Begin: Loading essential drivers[    8.691334] md: linear personality registered for level -1
 ... [    8.761330] md: multipath personality registered for level -4
[    8.793164] md: raid0 personality registered for level 0
[    8.846275] md: raid1 personality registered for level 1
[    8.940278] raid6: sse2x1   gen()  8372 MB/s
[    9.016389] raid6: sse2x1   xor()  5398 MB/s
[    9.092525] raid6: sse2x2   gen()  7190 MB/s
[    9.168458] raid6: sse2x2   xor()  6023 MB/s
[    9.268090] raid6: sse2x4   gen()  9272 MB/s
[    9.344123] raid6: sse2x4   xor()  5140 MB/s
[    9.355509] raid6: using algorithm sse2x4 gen() 9272 MB/s
[    9.356944] raid6: .... xor() 5140 MB/s, rmw enabled
[    9.370646] raid6: using ssse3x2 recovery algorithm
[    9.373964] xor: automatically using best checksumming function:
[    9.460814]    avx       : 18418.000 MB/sec
[    9.481801] async_tx: api initialized (async)
[    9.495409] md: raid6 personality registered for level 6
[    9.508344] md: raid5 personality registered for level 5
[    9.512027] md: raid4 personality registered for level 4
[    9.532730] md: raid10 personality registered for level 10
done.
Begin: Running /scripts/init-premount ... done.
Begin: Mounting root file system ... Begin: Running /scripts/local-top ... done.
Begin: Running /scripts/local-premount ... [    9.578311] Btrfs loaded
Scanning for Btrfs filesystems
done.
Warning: fsck not present, so skipping root file system
[    9.647078] EXT4-fs (sda1): mounted filesystem with ordered data mode. Opts: (null)
done.
Begin: Running /scripts/local-bottom ... done.
Begin: Running /scripts/init-bottom ... done.
[   10.020667] systemd[1]: systemd 229 running in system mode. (+PAM +AUDIT +SELINUX +IMA +APPARMOR +SMACK +SYSVINIT +UTMP +LIBCRYPTSETUP +GCRYPT +GNUTLS +ACL +XZ -LZ4 +SECCOMP +BLKID +ELFUTILS +KMOD -IDN)
[   10.042603] systemd[1]: Detected virtualization oracle.
[   10.045320] systemd[1]: Detected architecture x86-64.

Welcome to [1mUbuntu 16.04.3 LTS[0m!

[   10.078962] systemd[1]: Set hostname to <ubuntu-xenial>.
[   10.338407] random: nonblocking pool is initialized
[   10.568018] systemd[1]: Set up automount Arbitrary Executable File Formats File System Automount Point.
[[0;32m  OK  [0m] Set up automount Arbitrary Executab...ats File System Automount Point.
[   10.586272] systemd[1]: Listening on Journal Audit Socket.
[[0;32m  OK  [0m] Listening on Journal Audit Socket.
[   10.604817] systemd[1]: Started Trigger resolvconf update for networkd DNS.
[[0;32m  OK  [0m] Started Trigger resolvconf update for networkd DNS.
[   10.628561] systemd[1]: Created slice System Slice.
[[0;32m  OK  [0m] Created slice System Slice.
[   10.639025] systemd[1]: Listening on LVM2 poll daemon socket.
[[0;32m  OK  [0m] Listening on LVM2 poll daemon socket.
[   10.644777] systemd[1]: Created slice system-serial\x2dgetty.slice.
[[0;32m  OK  [0m] Created slice system-serial\x2dgetty.slice.
[   10.658624] systemd[1]: Listening on udev Kernel Socket.
[[0;32m  OK  [0m] Listening on udev Kernel Socket.
[   10.666486] systemd[1]: Reached target User and Group Name Lookups.
[[0;32m  OK  [0m] Reached target User and Group Name Lookups.
[   10.678492] systemd[1]: Listening on udev Control Socket.
[[0;32m  OK  [0m] Listening on udev Control Socket.
[   10.700505] systemd[1]: Listening on /dev/initctl Compatibility Named Pipe.
[[0;32m  OK  [0m] Listening on /dev/initctl Compatibility Named Pipe.
[   10.724938] systemd[1]: Started Forward Password Requests to Wall Directory Watch.
[[0;32m  OK  [0m] Started Forward Password Requests to Wall Directory Watch.
[   10.740642] systemd[1]: Listening on Syslog Socket.
[[0;32m  OK  [0m] Listening on Syslog Socket.
[   10.759312] systemd[1]: Listening on Journal Socket (/dev/log).
[[0;32m  OK  [0m] Listening on Journal Socket (/dev/log).
[   10.766208] systemd[1]: Listening on Journal Socket.
[[0;32m  OK  [0m] Listening on Journal Socket.
[   10.792419] systemd[1]: Starting Nameserver information manager...
         Starting Nameserver information manager...
[   10.810092] systemd[1]: Mounting POSIX Message Queue File System...
         Mounting POSIX Message Queue File System...
[   10.837702] systemd[1]: Mounting Debug File System...
         Mounting Debug File System...
[   10.889828] systemd[1]: Starting Set console keymap...
         Starting Set console keymap...
[   10.934400] systemd[1]: Starting Create list of required static device nodes for the current kernel...
         Starting Create list of required st... nodes for the current kernel...
[   11.056979] systemd[1]: Starting Load Kernel Modules...
         Starting Load Kernel Modules...
[   11.124719] systemd[1]: Mounting Huge Pages File System...
         Mounting Huge Pages File System...
[   11.148673] systemd[1]: Created slice User and Session Slice.
[[0;32m  OK  [0m] Created slice User and Session Slice.
[   11.164421] systemd[1]: Reached target Swap.
[   11.168241] Loading iSCSI transport class v2.0-870.
[[0;32m  OK  [0m] Reached target Swap.
[   11.188320] systemd[1]: Starting Remount Root and Kernel File Systems...
         Starting Remount Root and Kernel File S[   11.204122] iscsi: registered transport (tcp)
ystems...
[   11.204520] EXT4-fs (sda1): re-mounted. Opts: (null)
[   11.208330] systemd[1]: Reached target Encrypted Volumes.
[[0;32m  OK  [0m] Reached target Encrypted Volumes.
[   11.240951] systemd[1]: Starting Journal Service...
         Starting Journal Service...
[   11.271784] systemd[1]: Listening on Device-mapper event daemon FIFOs.
[[0;32m  OK  [0m] Listening on Device-mapper event daemon FIFOs.
[   11.301138] systemd[1]: Listening on LVM2 metadata daemon socket.
[[0;32m  OK  [0m] Listening on LVM2 metadata daemon socket.
[   11.360803] systemd[1]: Starting Monitoring of LVM2 mirrors, snapshots etc. using dmeventd or progress polling...
         Starting Monitoring of LVM2 mirrors... dmeventd or progress polling...
[   11.395733] systemd[1]: Reached target Slices.
[[0;32m  OK  [0m] Reached targ[   11.414120] iscsi: registered transport (iser)
et Slices.
[   11.432996] systemd[1]: Starting Uncomplicated firewall...
         Starting Uncomplicated firewall...
[   11.452578] systemd[1]: Mounted Debug File System.
[[0;32m  OK  [0m] Mounted Debug File System.
[   11.480263] systemd[1]: Mounted Huge Pages File System.
[[0;32m  OK  [0m] Mounted Huge Pages File System.
[   11.498900] systemd[1]: Mounted POSIX Message Queue File System.
[[0;32m  OK  [0m] Mounted POSIX Message Queue File System.
[   11.520200] systemd[1]: Started Journal Service.
[[0;32m  OK  [0m] Started Journal Service.
[[0;32m  OK  [0m] Started Set console keymap.
[[0;32m  OK  [0m] Started Create list of required sta...ce nodes for the current kernel.
[[0;32m  OK  [0m] Started Load Kernel Modules.
[[0;32m  OK  [0m] Started Remount Root and Kernel File Systems.
[[0;32m  OK  [0m] Started Uncomplicated firewall.
[[0;32m  OK  [0m] Started Nameserver information manager.
[[0;32m  OK  [0m] Started LVM2 metadata daemon.
         Starting Initial cloud-init job (pre-networking)...
         Starting udev Coldplug all Devices...
         Starting Load/Save Random Seed...
         Mounting FUSE Control File System...
         Starting Apply Kernel Variables...
         Starting Create Static Device Nodes in /dev...
         Starting Flush Journal to Persistent Storage...
[[0;32m  OK  [0m] Mounted FUSE Control File System.
[[0;32m  OK  [0m] Started Load/Save Random Seed.
[[0;32m  OK  [0m] Started Apply Kernel Variables.
[[0;32m  OK  [0m] Started udev Coldplug all Devices.
[[0;32m  OK  [0m] Started Flush Journal to Persistent Storage.
[[0;32m  OK  [0m] Started Create Static Device Nodes in /dev.
         Starting udev Kernel Device Manager...
[[0;32m  OK  [0m] Started Monitoring of LVM2 mirrors,...ng dmeventd or progress polling.
[[0;32m  OK  [0m] Started udev Kernel Device Manager.
[[0;32m  OK  [0m] Started Dispatch Password Requests to Console Directory Watch.
[[0;32m  OK  [0m] Reached target Local File Systems (Pre).
[[0;32m  OK  [0m] Reached target Local File Systems.
         Starting Tell Plymouth To Write Out Runtime Data...
         Starting LSB: AppArmor initialization...
         Starting Set console font and keymap...
         Starting Create Volatile Files and Directories...
[[0;32m  OK  [0m] Started Tell Plymouth To Write Out Runtime Data.
[[0;32m  OK  [0m] Started Create Volatile Files and Directories.
[[0;32m  OK  [0m] Reached target System Time Synchronized.
         Starting Update UTMP about System Boot/Shutdown...
[[0;32m  OK  [0m] Found device /dev/ttyS0.
[[0;32m  OK  [0m] Started Update UTMP about System Boot/Shutdown.
[[0;32m  OK  [0m] Found device 82540EM Gigabit Ethern...r (PRO/1000 MT Desktop Adapter).
[[0;32m  OK  [0m] Started Set console font and keymap.
[[0;32m  OK  [0m] Created slice system-getty.slice.
[[0;32m  OK  [0m] Listening on Load/Save RF Kill Switch Status /dev/rfkill Watch.
[[0;32m  OK  [0m] Started LSB: AppArmor initialization.
[   13.531611] cloud-init[435]: Cloud-init v. 0.7.9 running 'init-local' at Mon, 06 Nov 2017 11:55:57 +0000. Up 13.06 seconds.
[[0;32m  OK  [0m] Started Initial cloud-init job (pre-networking).
[[0;32m  OK  [0m] Reached target Network (Pre).
         Starting Raise network interfaces...
[[0;32m  OK  [0m] Started ifup for enp0s3.
[[0;32m  OK  [0m] Started Raise network interfaces.
[[0;32m  OK  [0m] Reached target Network.
         Starting Initial cloud-init job (metadata service crawler)...
[   15.381322] cloud-init[964]: Cloud-init v. 0.7.9 running 'init' at Mon, 06 Nov 2017 11:55:58 +0000. Up 14.66 seconds.
[   15.420679] cloud-init[964]: ci-info: +++++++++++++++++++++++++++++++++++++Net device info++++++++++++++++++++++++++++++++++++++
[   15.435072] cloud-init[964]: ci-info: +--------+------+----------------------------+---------------+-------+-------------------+
[   15.453401] cloud-init[964]: ci-info: | Device |  Up  |          Address           |      Mask     | Scope |     Hw-Address    |
[   15.473881] [cloud-init[0;32m  OK  [0m[964]: ] ci-info: +--------+------+----------------------------+---------------+-------+-------------------+Started Initial cloud-init job (metadata service crawler).

[   15.475075] cloud-init[964]: ci-info: | enp0s3 | True |         10.0.2.15          | 255.255.255.0 |   .   | 02:14:68:3e:84:47 |
[   15.564523] [cloud-init[0;32m  OK  [0m[964]: ] ci-info: | enp0s3 | True | fe80::14:68ff:fe3e:8447/64 |       .       |  link | 02:14:68:3e:84:47 |Reached target System Initialization.

         Starting Socket activation for snappy daemon.
[   15.565025] cloud-init[964]: ci-info: |   lo   | True |         127.0.0.1          |   255.0.0.0   |   .   |         .         |
[   15.629514] [cloud-init[0;32m  OK  [0m[964]: ] ci-info: |   lo   | True |          ::1/128           |       .       |  host |         .         |Started Timer to automatically fetch and run repair assertions.

[   15.629965] [[0;32m  OK  [0m] Listening on D-Bus System Message Bus Socket.
cloud-init[964]: ci-info: +--------+------+----------------------------+---------------+-------+-------------------+
[   15.740137] [cloud-init[0;32m  OK  [0m[964]: ] ci-info: +++++++++++++++++++++++++++Route IPv4 info++++++++++++++++++++++++++++Started ACPI Events Check.

[[0;32m  OK  [0m] Reached target Paths.
[[0;32m  OK  [0m] Started Daily Cleanup of Temporary Directories.
[[0;32m  OK  [0m] Listening on UUID daemon activation socket.
[   15.740663] cloud-init[964]: ci-info: +-------+-------------+----------+---------------+-----------+-------+
[   15.805138]          cloud-initStarting LXD - unix socket.[964]: 
ci-info: | Route | Destination | Gateway  |    Genmask    | Interface | Flags |
[   15.828404] [cloud-init[0;32m  OK  [0m[964]: ] ci-info: +-------+-------------+----------+---------------+-----------+-------+Started Timer to automatically refresh installed snaps.

[[0;32m  OK  [0m] Listening on ACPID Listen Socket.
[   15.829029] cloud-init[964]: ci-info: |   0   |   0.0.0.0   | 10.0.2.2 |    0.0.0.0    |   enp0s3  |   UG  |
[[0;32m  OK  [0m] Reached target Network is Online.
[   15.885313] cloud-init[964]: ci-info: |   1   |   10.0.2.0  | 0.0.0.0  | 255.255.255.0 |   enp0s3  |   U   |
[   15.907382] cloud-init[964]: ci-info: +-------+-------------+----------+---------------+-----------+-------+
         Starting iSCSI initiator daemon (iscsid)...
[[0;32m  OK  [0m] Started Daily apt download activities.
[[0;32m  OK  [0m] Started Daily apt upgrade and clean activities.
[[0;32m  OK  [0m] Reached target Timers.
[[0;32m  OK  [0m] Reached target Cloud-config availability.
[[0;32m  OK  [0m] Listening on Socket activation for snappy daemon.
[[0;32m  OK  [0m] Listening on LXD - unix socket.
[[0;32m  OK  [0m] Reached target Sockets.
[[0;32m  OK  [0m] Reached target Basic System.
         Starting Login Service...
         Starting Automatically fetch and run repair assertions...
         Starting LSB: Record successful boot for GRUB...
[[0;32m  OK  [0m] Started Deferred execution scheduler.
         Starting Accounts Service...
         Starting Snappy daemon...
[[0;32m  OK  [0m] Started Regular background program processing daemon.
         Starting /etc/rc.local Compatibility...
[[0;32m  OK  [0m] Started D-Bus System Message Bus.
         Starting Apply the settings specified in cloud-config...
[[0;32m  OK  [0m] Started FUSE filesystem for LXC.
         Starting System Logging Service...
[[0;32m  OK  [0m] Started Unattended Upgrades Shutdown.
         Starting LXD - container startup/shutdown...
         Starting OpenBSD Secure Shell server...
         Starting LSB: MD monitoring daemon...
[[0;32m  OK  [0m] Started ACPI event daemon.
[[0;32m  OK  [0m] Started System Logging Service.
[[0;32m  OK  [0m] Started iSCSI initiator daemon (iscsid).
[[0;32m  OK  [0m] Started Automatically fetch and run repair assertions.
[[0;32m  OK  [0m] Started /etc/rc.local Compatibility.
[[0;32m  OK  [0m] Started Login Service.
         Starting Authenticate and Authorize Users to Run Privileged Tasks...
         Starting Login to default iSCSI targets...
[[0;32m  OK  [0m] Started LSB: Record successful boot for GRUB.
[[0;32m  OK  [0m] Started LSB: MD monitoring daemon.
[[0;32m  OK  [0m] Started Snappy daemon.
         Starting Auto import assertions from block devices...
[[0;32m  OK  [0m] Started Authenticate and Authorize Users to Run Privileged Tasks.
[[0;32m  OK  [0m] Started Auto import assertions from block devices.
[[0;32m  OK  [0m] Started Accounts Service.
[[0;32m  OK  [0m] Started OpenBSD Secure Shell server.
[[0;32m  OK  [0m] Started Login to default iSCSI targets.
[   17.480469] cloud-init[1055]: Cloud-init v. 0.7.9 running 'modules:config' at Mon, 06 Nov 2017 11:56:01 +0000. Up 17.16 seconds.
[[0;32m  OK  [0m] Reached target Remote File Systems (Pre).
[[0;32m  OK  [0m] Reached target Remote File Systems.
         Starting LSB: daemon to balance interrupts for SMP systems...
         Starting Permit User Sessions...
         Starting LSB: VirtualBox Linux Additions...
         Starting LSB: automatic crash report generation...
         Starting LSB: Set the CPU Frequency Scaling governor to "ondemand"...
[[0;32m  OK  [0m] Started Apply the settings specified in cloud-config.
[[0;32m  OK  [0m] Started LXD - container startup/shutdown.
[[0;32m  OK  [0m] Started Permit User Sessions.
         Starting Terminate Plymouth Boot Screen...
         Starting Hold until boot process finishes up...
[[0;32m  OK  [0m] Started LSB: Set the CPU Frequency Scaling governor to "ondemand".
[[0;32m  OK  [0m] Started Terminate Plymouth Boot Screen.
[[0;32m  OK  [0m] Started LSB: daemon to balance interrupts for SMP systems.
[[0;32m  OK  [0m] Started LSB: automatic crash report generation.
[[0;32m  OK  [0m] Started Hold until boot process finishes up.
         Starting Set console scheme...
[[0;32m  OK  [0m] Started Getty on tty1.
[[0;32m  OK  [0m] Started Serial Getty on ttyS0.
[[0;32m  OK  [0m] Reached target Login Prompts.
[[0;32m  OK  [0m] Started LSB: VirtualBox Linux Additions.
[[0;32m  OK  [0m] Started Set console scheme.
[[0;32m  OK  [0m] Reached target Multi-User System.
         Starting Execute cloud user/final scripts...
[[0;32m  OK  [0m] Reached target Graphical Interface.
         Starting Update UTMP about System Runlevel Changes...
[[0;32m  OK  [0m] Started Update UTMP about System Runlevel Changes.
[   18.764186] cloud-init[1202]: Cloud-init v. 0.7.9 running 'modules:final' at Mon, 06 Nov 2017 11:56:02 +0000. Up 18.48 seconds.
[   18.792131] cloud-init[1202]: Cloud-init v. 0.7.9 finished at Mon, 06 Nov 2017 11:56:02 +0000. Datasource DataSourceNoCloud [seed=/dev/sdb][dsmode=net].  Up 18.75 seconds
[[0;32m  OK  [0m] Started Execute cloud user/final scripts.
[[0;32m  OK  [0m] Reached target Cloud-init target.
         Starting Daily apt download activities...
[[0;32m  OK  [0m] Started Daily apt download activities.

Ubuntu 16.04.3 LTS ubuntu-xenial ttyS0

ubuntu-xenial login: 